Started at Sat Dec 03 01:32:18 UTC 2022
Processing assign
Offering assign to Project Build Discarder
Processing assignment
Offering assignment to Project Build Discarder
Processing mybuild
Offering mybuild to Project Build Discarder
Processing myfirst
Offering myfirst to Project Build Discarder
Processing myfirstjob
Offering myfirstjob to Project Build Discarder
Processing myfirstpipe
Offering myfirstpipe to Project Build Discarder
Processing mysecondjob
Offering mysecondjob to Project Build Discarder
Processing newjob
Offering newjob to Project Build Discarder
Finished at Sat Dec 03 01:32:18 UTC 2022. 30ms
Started at Sat Dec 03 02:32:18 UTC 2022
Processing assign
Offering assign to Project Build Discarder
Processing assignment
Offering assignment to Project Build Discarder
Processing mybuild
Offering mybuild to Project Build Discarder
Processing myfirst
Offering myfirst to Project Build Discarder
Processing myfirstjob
Offering myfirstjob to Project Build Discarder
Processing myfirstpipe
Offering myfirstpipe to Project Build Discarder
Processing mysecondjob
Offering mysecondjob to Project Build Discarder
Processing newjob
Offering newjob to Project Build Discarder
Finished at Sat Dec 03 02:32:18 UTC 2022. 1ms
